<?xml version="1.0" encoding="UTF-8"?>
<robot generator="Robot 7.4.1 (Python 3.14.3 on win32)" generated="2026-05-21T09:32:05.217642" rpa="false" schemaversion="5">
<suite id="s1" name="UNIFI-Elite" source="C:\Users\zamic\Documents\INTERN\Robot Framework\Robot Framework TMFORCE Mobile\Test Case For Video\UNIFI-Elite.robot">
<test id="s1-t1" name="Execute Task List" line="10">
<kw name="Launch Application" owner="LaunchApp">
<kw name="Open Application" owner="AppiumLibrary">
<arg>${REMOTE_URL}</arg>
<arg>platformName=${PLATFORM_NAME}</arg>
<arg>deviceName=${DEVICE_NAME}</arg>
<arg>automationName=UiAutomator2</arg>
<arg>newCommandTimeout=2500</arg>
<arg>appActivity=${Activity_NAME}</arg>
<arg>appPackage=${PACKAGE_NAME}</arg>
<arg>noReset=true</arg>
<arg>ignoreHiddenApiPolicyError=true</arg>
<doc>Opens a new application to given Appium server.
Capabilities of appium server, Android and iOS,
Please check https://appium.io/docs/en/2.1/cli/args/
| *Option*            | *Man.* | *Description*     |
| remote_url          | Yes    | Appium server url |
| alias               | no     | alias             |
| strict_ssl          | No     | allows you to send commands to an invalid certificate host like a self-signed one. |</doc>
<status status="PASS" start="2026-05-21T09:32:05.534520" elapsed="2.853943"/>
</kw>
<status status="PASS" start="2026-05-21T09:32:05.533655" elapsed="2.855126"/>
</kw>
<kw name="Login app - positive scenario" owner="Login">
<kw name="Click Element" owner="AppiumLibrary">
<msg time="2026-05-21T09:32:08.397395" level="INFO">Clicking element 'xpath= //android.widget.EditText[@password='false']'.</msg>
<msg time="2026-05-21T09:32:08.685099" level="INFO">xpath criteria: //android.widget.EditText[@password='false']</msg>
<arg>${username_input}</arg>
<doc>Click element identified by `locator`.</doc>
<status status="PASS" start="2026-05-21T09:32:08.390068" elapsed="0.295314"/>
</kw>
<kw name="Wait Until Page Contains Element" owner="AppiumLibrary">
<msg time="2026-05-21T09:32:09.658866" level="INFO">xpath criteria: //android.widget.EditText[@password='false']</msg>
<arg>${username_input}</arg>
<arg>timeout=10</arg>
<doc>Waits until element specified with `locator` appears on current page.</doc>
<status status="PASS" start="2026-05-21T09:32:08.685786" elapsed="0.973170"/>
</kw>
<kw name="Input Text" owner="AppiumLibrary">
<msg time="2026-05-21T09:32:09.666279" level="INFO">Typing text 'B14331' into text field 'xpath= //android.widget.EditText[@password='false']'</msg>
<msg time="2026-05-21T09:32:09.763105" level="INFO">xpath criteria: //android.widget.EditText[@password='false']</msg>
<arg>${username_input}</arg>
<arg>B14331</arg>
<doc>Types the given `text` into text field identified by `locator`.</doc>
<status status="PASS" start="2026-05-21T09:32:09.659132" elapsed="0.104080"/>
</kw>
<kw name="Sleep" owner="BuiltIn">
<msg time="2026-05-21T09:32:14.764199" level="INFO">Slept 5 seconds.</msg>
<arg>5</arg>
<doc>Pauses the test executed for the given time.</doc>
<status status="PASS" start="2026-05-21T09:32:09.763376" elapsed="5.000980"/>
</kw>
<kw name="Hide Keyboard" owner="AppiumLibrary">
<doc>Hides the software keyboard on the device. (optional) In iOS, use `key_name` to press
a particular key, ex. `Done`. In Android, no parameters are used.</doc>
<status status="PASS" start="2026-05-21T09:32:14.764559" elapsed="2.542003"/>
</kw>
<kw name="Click Element" owner="AppiumLibrary">
<msg time="2026-05-21T09:32:17.319804" level="INFO">Clicking element 'xpath= //android.widget.EditText[@password='true']'.</msg>
<msg time="2026-05-21T09:32:17.513783" level="INFO">xpath criteria: //android.widget.EditText[@password='true']</msg>
<arg>${password_input}</arg>
<doc>Click element identified by `locator`.</doc>
<status status="PASS" start="2026-05-21T09:32:17.306919" elapsed="0.207010"/>
</kw>
<kw name="Wait Until Page Contains Element" owner="AppiumLibrary">
<msg time="2026-05-21T09:32:18.588695" level="INFO">xpath criteria: //android.widget.EditText[@password='true']</msg>
<arg>${password_input}</arg>
<arg>timeout=10</arg>
<doc>Waits until element specified with `locator` appears on current page.</doc>
<status status="PASS" start="2026-05-21T09:32:17.514321" elapsed="1.074494"/>
</kw>
<kw name="Input Password" owner="AppiumLibrary">
<msg time="2026-05-21T09:32:18.598301" level="INFO">Typing password into text field 'xpath= //android.widget.EditText[@password='true']'</msg>
<msg time="2026-05-21T09:32:18.733316" level="INFO">xpath criteria: //android.widget.EditText[@password='true']</msg>
<arg>${password_input}</arg>
<arg>B14331</arg>
<doc>Types the given password into text field identified by `locator`.</doc>
<status status="PASS" start="2026-05-21T09:32:18.589075" elapsed="0.144330"/>
</kw>
<kw name="Hide Keyboard" owner="AppiumLibrary">
<doc>Hides the software keyboard on the device. (optional) In iOS, use `key_name` to press
a particular key, ex. `Done`. In Android, no parameters are used.</doc>
<status status="PASS" start="2026-05-21T09:32:18.733616" elapsed="2.421088"/>
</kw>
<kw name="Reveal Password" owner="Login">
<kw name="Wait Until Element Is Visible" owner="AppiumLibrary">
<msg time="2026-05-21T09:32:21.306100" level="INFO">xpath criteria: //android.widget.EditText[2]/android.widget.Button</msg>
<arg>${EYE_BUTTON}</arg>
<arg>10s</arg>
<doc>Waits until element specified with `locator` is visible.</doc>
<status status="PASS" start="2026-05-21T09:32:21.155766" elapsed="0.150530"/>
</kw>
<kw name="Click Element" owner="AppiumLibrary">
<msg time="2026-05-21T09:32:21.319239" level="INFO">Clicking element 'xpath= //android.widget.EditText[2]/android.widget.Button'.</msg>
<msg time="2026-05-21T09:32:21.516919" level="INFO">xpath criteria: //android.widget.EditText[2]/android.widget.Button</msg>
<arg>${EYE_BUTTON}</arg>
<doc>Click element identified by `locator`.</doc>
<status status="PASS" start="2026-05-21T09:32:21.306616" elapsed="0.210447"/>
</kw>
<kw name="Sleep" owner="BuiltIn">
<msg time="2026-05-21T09:32:26.518480" level="INFO">Slept 5 seconds.</msg>
<arg>5</arg>
<doc>Pauses the test executed for the given time.</doc>
<status status="PASS" start="2026-05-21T09:32:21.517360" elapsed="5.001259"/>
</kw>
<status status="PASS" start="2026-05-21T09:32:21.155161" elapsed="5.363569"/>
</kw>
<kw name="Sleep" owner="BuiltIn">
<msg time="2026-05-21T09:32:31.519820" level="INFO">Slept 5 seconds.</msg>
<arg>5</arg>
<doc>Pauses the test executed for the given time.</doc>
<status status="PASS" start="2026-05-21T09:32:26.518889" elapsed="5.001097"/>
</kw>
<kw name="Click Element" owner="AppiumLibrary">
<msg time="2026-05-21T09:32:31.527371" level="INFO">Clicking element 'xpath= //android.widget.Button[@content-desc="Sign In"]'.</msg>
<msg time="2026-05-21T09:32:31.696414" level="INFO">xpath criteria: //android.widget.Button[@content-desc="Sign In"]</msg>
<arg>${login_btn}</arg>
<doc>Click element identified by `locator`.</doc>
<status status="PASS" start="2026-05-21T09:32:31.520217" elapsed="0.176349"/>
</kw>
<kw name="Sleep" owner="BuiltIn">
<msg time="2026-05-21T09:32:36.697962" level="INFO">Slept 5 seconds.</msg>
<arg>5</arg>
<doc>Pauses the test executed for the given time.</doc>
<status status="PASS" start="2026-05-21T09:32:31.696873" elapsed="5.001269"/>
</kw>
<status status="PASS" start="2026-05-21T09:32:08.389605" elapsed="28.308658"/>
</kw>
<kw name="Sleep" owner="BuiltIn">
<msg time="2026-05-21T09:32:56.699406" level="INFO">Slept 20 seconds.</msg>
<arg>20</arg>
<doc>Pauses the test executed for the given time.</doc>
<status status="PASS" start="2026-05-21T09:32:36.698660" elapsed="20.001008"/>
</kw>
<kw name="Search by keywords - Ticket UNIFI ELite" owner="AssignedTask">
<kw name="Wait Until Element Is Visible" owner="AppiumLibrary">
<msg time="2026-05-21T09:32:56.816225" level="INFO">xpath criteria: //android.widget.EditText</msg>
<arg>${Search_button}</arg>
<arg>30s</arg>
<doc>Waits until element specified with `locator` is visible.</doc>
<status status="PASS" start="2026-05-21T09:32:56.701181" elapsed="0.115170"/>
</kw>
<kw name="Click Element" owner="AppiumLibrary">
<msg time="2026-05-21T09:32:56.829019" level="INFO">Clicking element 'xpath= //android.widget.EditText'.</msg>
<msg time="2026-05-21T09:32:57.952188" level="INFO">xpath criteria: //android.widget.EditText</msg>
<arg>${Search_button}</arg>
<doc>Click element identified by `locator`.</doc>
<status status="PASS" start="2026-05-21T09:32:56.816681" elapsed="1.135620"/>
</kw>
<kw name="Clear Text" owner="AppiumLibrary">
<msg time="2026-05-21T09:32:57.960962" level="INFO">Clear text field 'xpath= //android.widget.EditText'</msg>
<msg time="2026-05-21T09:32:58.060098" level="INFO">xpath criteria: //android.widget.EditText</msg>
<arg>${Search_button}</arg>
<doc>Clears the text field identified by `locator`.</doc>
<status status="PASS" start="2026-05-21T09:32:57.952581" elapsed="0.107625"/>
</kw>
<kw name="Input Text" owner="AppiumLibrary">
<msg time="2026-05-21T09:32:58.068958" level="INFO">Typing text 'T-0000009641' into text field 'xpath= //android.widget.EditText'</msg>
<msg time="2026-05-21T09:32:58.170912" level="INFO">xpath criteria: //android.widget.EditText</msg>
<arg>${Search_button}</arg>
<arg>T-0000009641</arg>
<doc>Types the given `text` into text field identified by `locator`.</doc>
<status status="PASS" start="2026-05-21T09:32:58.060425" elapsed="0.110577"/>
</kw>
<kw name="Sleep" owner="BuiltIn">
<msg time="2026-05-21T09:33:03.172162" level="INFO">Slept 5 seconds.</msg>
<arg>5</arg>
<doc>Pauses the test executed for the given time.</doc>
<status status="PASS" start="2026-05-21T09:32:58.171200" elapsed="5.001222"/>
</kw>
<kw name="Hide Keyboard" owner="AppiumLibrary">
<doc>Hides the software keyboard on the device. (optional) In iOS, use `key_name` to press
a particular key, ex. `Done`. In Android, no parameters are used.</doc>
<status status="PASS" start="2026-05-21T09:33:03.172740" elapsed="2.504007"/>
</kw>
<kw name="Sleep" owner="BuiltIn">
<msg time="2026-05-21T09:33:06.677355" level="INFO">Slept 1 second.</msg>
<arg>1</arg>
<doc>Pauses the test executed for the given time.</doc>
<status status="PASS" start="2026-05-21T09:33:05.676934" elapsed="1.000641"/>
</kw>
<status status="PASS" start="2026-05-21T09:32:56.700629" elapsed="9.977113"/>
</kw>
<kw name="Change Status to Resolved - UNIFI Elite" owner="CurrentTask">
<kw name="Wait Until Element Is Visible" owner="AppiumLibrary">
<arg>${Click_PendingAccept}</arg>
<arg>30s</arg>
<doc>Waits until element specified with `locator` is visible.</doc>
<status status="PASS" start="2026-05-21T09:33:06.679365" elapsed="3.084622"/>
</kw>
<kw name="Sleep" owner="BuiltIn">
<msg time="2026-05-21T09:33:14.764934" level="INFO">Slept 5 seconds.</msg>
<arg>5s</arg>
<doc>Pauses the test executed for the given time.</doc>
<status status="PASS" start="2026-05-21T09:33:09.764256" elapsed="5.000863"/>
</kw>
<kw name="Tap With Positions" owner="AppiumLibrary">
<arg>${TAP_DURATION}</arg>
<arg>${{ (${PendingAccept_Dropdown_HEADER_X}, ${PendingAccept_Dropdown_HEADER_Y}) }}</arg>
<doc>Taps on a particular place with up to five fingers, holding for a
certain time</doc>
<status status="PASS" start="2026-05-21T09:33:14.765380" elapsed="0.823115"/>
</kw>
<kw name="Sleep" owner="BuiltIn">
<msg time="2026-05-21T09:33:20.590059" level="INFO">Slept 5 seconds.</msg>
<arg>5</arg>
<doc>Pauses the test executed for the given time.</doc>
<status status="PASS" start="2026-05-21T09:33:15.588835" elapsed="5.001353"/>
</kw>
<kw name="Wait Until Element Is Visible" owner="AppiumLibrary">
<arg>${Click_CurrentTask}</arg>
<arg>30s</arg>
<doc>Waits until element specified with `locator` is visible.</doc>
<status status="PASS" start="2026-05-21T09:33:20.590391" elapsed="0.120472"/>
</kw>
<kw name="Click Element" owner="AppiumLibrary">
<msg time="2026-05-21T09:33:20.718078" level="INFO">Clicking element 'android=new UiSelector().descriptionContains("Current Task")'.</msg>
<arg>${Click_CurrentTask}</arg>
<doc>Click element identified by `locator`.</doc>
<status status="PASS" start="2026-05-21T09:33:20.711082" elapsed="1.069594"/>
</kw>
<kw name="Sleep" owner="BuiltIn">
<msg time="2026-05-21T09:33:26.781830" level="INFO">Slept 5 seconds.</msg>
<arg>5s</arg>
<doc>Pauses the test executed for the given time.</doc>
<status status="PASS" start="2026-05-21T09:33:21.781023" elapsed="5.000964"/>
</kw>
<kw name="Click Element" owner="AppiumLibrary">
<msg time="2026-05-21T09:33:26.789120" level="INFO">Clicking element 'xpath= //android.view.View[contains(@content-desc, "Activity")]'.</msg>
<msg time="2026-05-21T09:33:27.038205" level="INFO">xpath criteria: //android.view.View[contains(@content-desc, "Activity")]</msg>
<arg>${Activity_Tab}</arg>
<doc>Click element identified by `locator`.</doc>
<status status="PASS" start="2026-05-21T09:33:26.782211" elapsed="0.256197"/>
</kw>
<kw name="Sleep" owner="BuiltIn">
<msg time="2026-05-21T09:33:32.039982" level="INFO">Slept 5 seconds.</msg>
<arg>5s</arg>
<doc>Pauses the test executed for the given time.</doc>
<status status="PASS" start="2026-05-21T09:33:27.038819" elapsed="5.001397"/>
</kw>
<kw name="Capture Activity ID" owner="CurrentTask">
<kw name="Wait Until Element Is Visible" owner="AppiumLibrary">
<msg time="2026-05-21T09:33:32.170619" level="INFO">xpath criteria: //*[contains(@content-desc, 'Activity Id')]</msg>
<arg>${activity_id_element}</arg>
<arg>timeout=30s</arg>
<doc>Waits until element specified with `locator` is visible.</doc>
<status status="PASS" start="2026-05-21T09:33:32.041477" elapsed="0.129326"/>
</kw>
<kw name="Get Element Attribute" owner="AppiumLibrary">
<msg time="2026-05-21T09:33:32.381386" level="INFO">Element 'xpath= //*[contains(@content-desc, 'Activity Id')]' attribute 'content-desc' value 'Activity Id
A-0000009791' </msg>
<msg time="2026-05-21T09:33:32.381549" level="INFO">xpath criteria: //*[contains(@content-desc, 'Activity Id')]</msg>
<msg time="2026-05-21T09:33:32.381753" level="INFO">${full_text} = Activity Id
A-0000009791</msg>
<var>${full_text}</var>
<arg>${activity_id_element}</arg>
<arg>content-desc</arg>
<doc>Get element attribute using given attribute: name, value,...</doc>
<status status="PASS" start="2026-05-21T09:33:32.171131" elapsed="0.210664"/>
</kw>
<kw name="Log" owner="BuiltIn">
<msg time="2026-05-21T09:33:32.382535" level="INFO">Raw Text Captured: Activity Id
A-0000009791</msg>
<arg>Raw Text Captured: ${full_text}</arg>
<doc>Logs the given message with the given level.</doc>
<status status="PASS" start="2026-05-21T09:33:32.382055" elapsed="0.000634"/>
</kw>
<kw name="Evaluate" owner="BuiltIn">
<msg time="2026-05-21T09:33:32.383816" level="INFO">${match} = None</msg>
<var>${match}</var>
<arg>re.search(r'A-\d+', """${full_text}""")</arg>
<arg>re</arg>
<doc>Evaluates the given expression in Python and returns the result.</doc>
<status status="PASS" start="2026-05-21T09:33:32.382944" elapsed="0.000908"/>
</kw>
<if>
<branch type="IF" condition="${match} is not None">
<kw name="Set Variable" owner="BuiltIn">
<var>${id}</var>
<arg>${match.group(0)}</arg>
<doc>Returns the given values which can then be assigned to a variables.</doc>
<status status="NOT RUN" start="2026-05-21T09:33:32.384382" elapsed="0.000031"/>
</kw>
<kw name="Set Suite Variable" owner="BuiltIn">
<arg>${CAPTURED_ACTIVITY_ID}</arg>
<arg>${id}</arg>
<doc>Makes a variable available everywhere within the scope of the current suite.</doc>
<status status="NOT RUN" start="2026-05-21T09:33:32.384622" elapsed="0.000032"/>
</kw>
<kw name="Log" owner="BuiltIn">
<arg>Successfully Extracted Activity ID: ${CAPTURED_ACTIVITY_ID}</arg>
<arg>console=True</arg>
<doc>Logs the given message with the given level.</doc>
<status status="NOT RUN" start="2026-05-21T09:33:32.384801" elapsed="0.000023"/>
</kw>
<status status="NOT RUN" start="2026-05-21T09:33:32.384039" elapsed="0.000823"/>
</branch>
<branch type="ELSE">
<kw name="Evaluate" owner="BuiltIn">
<msg time="2026-05-21T09:33:32.385557" level="INFO">${lines} = ['Activity', 'Id', 'A-0000009791']</msg>
<var>${lines}</var>
<arg>"""${full_text}""".split()</arg>
<doc>Evaluates the given expression in Python and returns the result.</doc>
<status status="PASS" start="2026-05-21T09:33:32.385087" elapsed="0.000518"/>
</kw>
<kw name="Set Variable" owner="BuiltIn">
<msg time="2026-05-21T09:33:32.389468" level="INFO">${id} = A-0000009791</msg>
<var>${id}</var>
<arg>${lines[-1]}</arg>
<doc>Returns the given values which can then be assigned to a variables.</doc>
<status status="PASS" start="2026-05-21T09:33:32.385802" elapsed="0.003717"/>
</kw>
<kw name="Set Suite Variable" owner="BuiltIn">
<msg time="2026-05-21T09:33:32.390331" level="INFO">${CAPTURED_ACTIVITY_ID} = A-0000009791</msg>
<arg>${CAPTURED_ACTIVITY_ID}</arg>
<arg>${id}</arg>
<doc>Makes a variable available everywhere within the scope of the current suite.</doc>
<status status="PASS" start="2026-05-21T09:33:32.389775" elapsed="0.000618"/>
</kw>
<status status="PASS" start="2026-05-21T09:33:32.384907" elapsed="0.005538"/>
</branch>
<status status="PASS" start="2026-05-21T09:33:32.383978" elapsed="0.006508"/>
</if>
<if>
<branch type="IF" condition="not '${CAPTURED_ACTIVITY_ID}'.startswith('A-')">
<kw name="Fail" owner="BuiltIn">
<arg>Failed to extract a valid ID. Result was: ${CAPTURED_ACTIVITY_ID}</arg>
<doc>Fails the test with the given message and optionally alters its tags.</doc>
<status status="NOT RUN" start="2026-05-21T09:33:32.390851" elapsed="0.000022"/>
</kw>
<status status="NOT RUN" start="2026-05-21T09:33:32.390594" elapsed="0.000316"/>
</branch>
<status status="PASS" start="2026-05-21T09:33:32.390566" elapsed="0.000369"/>
</if>
<return>
<value>${CAPTURED_ACTIVITY_ID}</value>
<status status="PASS" start="2026-05-21T09:33:32.390986" elapsed="0.000070"/>
</return>
<doc>Extracts the ID even if "Activity Id" text comes first</doc>
<status status="PASS" start="2026-05-21T09:33:32.040967" elapsed="0.350214"/>
</kw>
<kw name="Sleep" owner="BuiltIn">
<msg time="2026-05-21T09:33:37.391864" level="INFO">Slept 5 seconds.</msg>
<arg>5s</arg>
<doc>Pauses the test executed for the given time.</doc>
<status status="PASS" start="2026-05-21T09:33:32.391344" elapsed="5.000762"/>
</kw>
<kw name="Wait Until Element Is Visible" owner="AppiumLibrary">
<msg time="2026-05-21T09:33:37.556202" level="INFO">xpath criteria: //android.widget.Button[@bounds='[954,117][1080,243]']</msg>
<arg>${Action_button}</arg>
<arg>30s</arg>
<doc>Waits until element specified with `locator` is visible.</doc>
<status status="PASS" start="2026-05-21T09:33:37.392412" elapsed="0.163917"/>
</kw>
<kw name="Click Element" owner="AppiumLibrary">
<msg time="2026-05-21T09:33:37.564967" level="INFO">Clicking element 'xpath= //android.widget.Button[@bounds='[954,117][1080,243]']'.</msg>
<msg time="2026-05-21T09:33:37.731520" level="INFO">xpath criteria: //android.widget.Button[@bounds='[954,117][1080,243]']</msg>
<arg>${Action_button}</arg>
<doc>Click element identified by `locator`.</doc>
<status status="PASS" start="2026-05-21T09:33:37.556603" elapsed="0.175020"/>
</kw>
<kw name="Sleep" owner="BuiltIn">
<msg time="2026-05-21T09:33:42.732646" level="INFO">Slept 5 seconds.</msg>
<arg>5s</arg>
<doc>Pauses the test executed for the given time.</doc>
<status status="PASS" start="2026-05-21T09:33:37.731842" elapsed="5.001051"/>
</kw>
<kw name="Wait Until Element Is Visible" owner="AppiumLibrary">
<msg time="2026-05-21T09:33:42.864030" level="INFO">xpath criteria: //android.widget.Button[@content-desc="Update"]</msg>
<arg>${Update_button}</arg>
<arg>30s</arg>
<doc>Waits until element specified with `locator` is visible.</doc>
<status status="PASS" start="2026-05-21T09:33:42.733260" elapsed="0.130919"/>
</kw>
<kw name="Click Element" owner="AppiumLibrary">
<msg time="2026-05-21T09:33:42.877003" level="INFO">Clicking element 'xpath= //android.widget.Button[@content-desc="Update"]'.</msg>
<msg time="2026-05-21T09:33:43.055103" level="INFO">xpath criteria: //android.widget.Button[@content-desc="Update"]</msg>
<arg>${Update_button}</arg>
<doc>Click element identified by `locator`.</doc>
<status status="PASS" start="2026-05-21T09:33:42.864483" elapsed="0.190798"/>
</kw>
<kw name="Sleep" owner="BuiltIn">
<msg time="2026-05-21T09:33:48.056832" level="INFO">Slept 5 seconds.</msg>
<arg>5s</arg>
<doc>Pauses the test executed for the given time.</doc>
<status status="PASS" start="2026-05-21T09:33:43.055595" elapsed="5.001422"/>
</kw>
<kw name="Wait Until Element Is Visible" owner="AppiumLibrary">
<msg time="2026-05-21T09:33:48.262776" level="INFO">xpath criteria: //android.view.View[contains(@content-desc, "New Status")]</msg>
<arg>${New_Status}</arg>
<arg>timeout=30s</arg>
<doc>Waits until element specified with `locator` is visible.</doc>
<status status="PASS" start="2026-05-21T09:33:48.057270" elapsed="0.205600"/>
</kw>
<kw name="Click Element" owner="AppiumLibrary">
<msg time="2026-05-21T09:33:48.271227" level="INFO">Clicking element 'xpath= //android.view.View[contains(@content-desc, "New Status")]'.</msg>
<msg time="2026-05-21T09:33:48.976475" level="INFO">xpath criteria: //android.view.View[contains(@content-desc, "New Status")]</msg>
<arg>${New_Status}</arg>
<doc>Click element identified by `locator`.</doc>
<status status="PASS" start="2026-05-21T09:33:48.263078" elapsed="0.713535"/>
</kw>
<kw name="Sleep" owner="BuiltIn">
<msg time="2026-05-21T09:33:53.977812" level="INFO">Slept 5 seconds.</msg>
<arg>5s</arg>
<doc>Pauses the test executed for the given time.</doc>
<status status="PASS" start="2026-05-21T09:33:48.976888" elapsed="5.001128"/>
</kw>
<kw name="Wait Until Element Is Visible" owner="AppiumLibrary">
<msg time="2026-05-21T09:33:54.082221" level="INFO">xpath criteria: //android.widget.Button[@content-desc="Resolved"]</msg>
<arg>${Resolved_Button}</arg>
<arg>timeout=30s</arg>
<doc>Waits until element specified with `locator` is visible.</doc>
<status status="PASS" start="2026-05-21T09:33:53.978299" elapsed="0.104057"/>
</kw>
<kw name="Click Element" owner="AppiumLibrary">
<msg time="2026-05-21T09:33:54.090398" level="INFO">Clicking element 'xpath= //android.widget.Button[@content-desc="Resolved"]'.</msg>
<msg time="2026-05-21T09:33:54.236374" level="INFO">xpath criteria: //android.widget.Button[@content-desc="Resolved"]</msg>
<arg>${Resolved_Button}</arg>
<doc>Click element identified by `locator`.</doc>
<status status="PASS" start="2026-05-21T09:33:54.082598" elapsed="0.153859"/>
</kw>
<kw name="Sleep" owner="BuiltIn">
<msg time="2026-05-21T09:33:59.237491" level="INFO">Slept 5 seconds.</msg>
<arg>5s</arg>
<doc>Pauses the test executed for the given time.</doc>
<status status="PASS" start="2026-05-21T09:33:54.236634" elapsed="5.001078"/>
</kw>
<kw name="Wait Until Element Is Visible" owner="AppiumLibrary">
<msg time="2026-05-21T09:33:59.822453" level="INFO">xpath criteria: //android.view.View[contains(@content-desc, "* Cause Category") and contains(@content-desc, "Select")]</msg>
<arg>${Cause_Category}</arg>
<arg>timeout=30s</arg>
<doc>Waits until element specified with `locator` is visible.</doc>
<status status="PASS" start="2026-05-21T09:33:59.238021" elapsed="0.584574"/>
</kw>
<kw name="Click Element" owner="AppiumLibrary">
<msg time="2026-05-21T09:33:59.835679" level="INFO">Clicking element 'xpath= //android.view.View[contains(@content-desc, "* Cause Category") and contains(@content-desc, "Select")]'.</msg>
<msg time="2026-05-21T09:34:00.560675" level="INFO">xpath criteria: //android.view.View[contains(@content-desc, "* Cause Category") and contains(@content-desc, "Select")]</msg>
<arg>${Cause_Category}</arg>
<doc>Click element identified by `locator`.</doc>
<status status="PASS" start="2026-05-21T09:33:59.822933" elapsed="0.737888"/>
</kw>
<kw name="Sleep" owner="BuiltIn">
<msg time="2026-05-21T09:34:05.562090" level="INFO">Slept 5 seconds.</msg>
<arg>5s</arg>
<doc>Pauses the test executed for the given time.</doc>
<status status="PASS" start="2026-05-21T09:34:00.561116" elapsed="5.001191"/>
</kw>
<kw name="Click Element" owner="AppiumLibrary">
<msg time="2026-05-21T09:34:05.574340" level="INFO">Clicking element 'xpath=//android.widget.Button[@content-desc="UE Consultancy"]'.</msg>
<msg time="2026-05-21T09:34:05.738165" level="INFO">xpath criteria: //android.widget.Button[@content-desc="UE Consultancy"]</msg>
<arg>xpath=//android.widget.Button[@content-desc="UE Consultancy"]</arg>
<doc>Click element identified by `locator`.</doc>
<status status="PASS" start="2026-05-21T09:34:05.562572" elapsed="0.175736"/>
</kw>
<kw name="Sleep" owner="BuiltIn">
<msg time="2026-05-21T09:34:10.740030" level="INFO">Slept 5 seconds.</msg>
<arg>5s</arg>
<doc>Pauses the test executed for the given time.</doc>
<status status="PASS" start="2026-05-21T09:34:05.738663" elapsed="5.001509"/>
</kw>
<kw name="Wait Until Element Is Visible" owner="AppiumLibrary">
<msg time="2026-05-21T09:34:10.926195" level="INFO">xpath criteria: //android.view.View[contains(@content-desc, "* Cause Code") and contains(@content-desc, "Select")]</msg>
<arg>${Cause_Code}</arg>
<arg>timeout=30s</arg>
<doc>Waits until element specified with `locator` is visible.</doc>
<status status="PASS" start="2026-05-21T09:34:10.740393" elapsed="0.185886"/>
</kw>
<kw name="Click Element" owner="AppiumLibrary">
<msg time="2026-05-21T09:34:10.933413" level="INFO">Clicking element 'xpath= //android.view.View[contains(@content-desc, "* Cause Code") and contains(@content-desc, "Select")]'.</msg>
<msg time="2026-05-21T09:34:11.705167" level="INFO">xpath criteria: //android.view.View[contains(@content-desc, "* Cause Code") and contains(@content-desc, "Select")]</msg>
<arg>${Cause_Code}</arg>
<doc>Click element identified by `locator`.</doc>
<status status="PASS" start="2026-05-21T09:34:10.926453" elapsed="0.778846"/>
</kw>
<kw name="Sleep" owner="BuiltIn">
<msg time="2026-05-21T09:34:16.706423" level="INFO">Slept 5 seconds.</msg>
<arg>5s</arg>
<doc>Pauses the test executed for the given time.</doc>
<status status="PASS" start="2026-05-21T09:34:11.705573" elapsed="5.001130"/>
</kw>
<kw name="Click Element" owner="AppiumLibrary">
<msg time="2026-05-21T09:34:16.720043" level="INFO">Clicking element 'xpath=//android.widget.Button[@content-desc="Customer_Not Reachable"]'.</msg>
<msg time="2026-05-21T09:34:17.650932" level="INFO">xpath criteria: //android.widget.Button[@content-desc="Customer_Not Reachable"]</msg>
<arg>xpath=//android.widget.Button[@content-desc="Customer_Not Reachable"]</arg>
<doc>Click element identified by `locator`.</doc>
<status status="PASS" start="2026-05-21T09:34:16.707060" elapsed="0.944122"/>
</kw>
<kw name="Sleep" owner="BuiltIn">
<msg time="2026-05-21T09:34:22.652789" level="INFO">Slept 5 seconds.</msg>
<arg>5s</arg>
<doc>Pauses the test executed for the given time.</doc>
<status status="PASS" start="2026-05-21T09:34:17.651622" elapsed="5.001340"/>
</kw>
<kw name="Wait Until Element Is Visible" owner="AppiumLibrary">
<msg time="2026-05-21T09:34:22.733958" level="INFO">xpath criteria: //android.view.View[contains(@content-desc, "* Resolution Code") and contains(@content-desc, "Select")]</msg>
<arg>${Resolution_Code}</arg>
<arg>timeout=30s</arg>
<doc>Waits until element specified with `locator` is visible.</doc>
<status status="PASS" start="2026-05-21T09:34:22.653187" elapsed="0.080876"/>
</kw>
<kw name="Click Element" owner="AppiumLibrary">
<msg time="2026-05-21T09:34:22.744434" level="INFO">Clicking element 'xpath= //android.view.View[contains(@content-desc, "* Resolution Code") and contains(@content-desc, "Select")]'.</msg>
<msg time="2026-05-21T09:34:23.491460" level="INFO">xpath criteria: //android.view.View[contains(@content-desc, "* Resolution Code") and contains(@content-desc, "Select")]</msg>
<arg>${Resolution_Code}</arg>
<doc>Click element identified by `locator`.</doc>
<status status="PASS" start="2026-05-21T09:34:22.734366" elapsed="0.757247"/>
</kw>
<kw name="Sleep" owner="BuiltIn">
<msg time="2026-05-21T09:34:28.492925" level="INFO">Slept 5 seconds.</msg>
<arg>5s</arg>
<doc>Pauses the test executed for the given time.</doc>
<status status="PASS" start="2026-05-21T09:34:23.492154" elapsed="5.000946"/>
</kw>
<kw name="Click Element" owner="AppiumLibrary">
<msg time="2026-05-21T09:34:28.504932" level="INFO">Clicking element 'xpath=//android.widget.Button[@content-desc="Need Reappointment"]'.</msg>
<msg time="2026-05-21T09:34:30.297307" level="INFO">xpath criteria: //android.widget.Button[@content-desc="Need Reappointment"]</msg>
<arg>xpath=//android.widget.Button[@content-desc="Need Reappointment"]</arg>
<doc>Click element identified by `locator`.</doc>
<status status="PASS" start="2026-05-21T09:34:28.493325" elapsed="1.804143"/>
</kw>
<kw name="Sleep" owner="BuiltIn">
<arg>5s</arg>
<doc>Pauses the test executed for the given time.</doc>
<status status="FAIL" start="2026-05-21T09:34:30.297824" elapsed="3.062046">Execution terminated by signal</status>
</kw>
<kw name="Scroll until Submit button" owner="CurrentTask">
<status status="NOT RUN" start="2026-05-21T09:34:33.360426" elapsed="0.000050"/>
</kw>
<kw name="Wait Until Element Is Visible" owner="AppiumLibrary">
<arg>${notes_input}</arg>
<arg>timeout=30s</arg>
<doc>Waits until element specified with `locator` is visible.</doc>
<status status="NOT RUN" start="2026-05-21T09:34:33.360627" elapsed="0.000022"/>
</kw>
<kw name="Click Element" owner="AppiumLibrary">
<arg>${notes_input}</arg>
<doc>Click element identified by `locator`.</doc>
<status status="NOT RUN" start="2026-05-21T09:34:33.360749" elapsed="0.000015"/>
</kw>
<kw name="Input Text" owner="AppiumLibrary">
<arg>${notes_input}</arg>
<arg>Test</arg>
<doc>Types the given `text` into text field identified by `locator`.</doc>
<status status="NOT RUN" start="2026-05-21T09:34:33.360842" elapsed="0.000014"/>
</kw>
<kw name="Sleep" owner="BuiltIn">
<arg>5s</arg>
<doc>Pauses the test executed for the given time.</doc>
<status status="NOT RUN" start="2026-05-21T09:34:33.360925" elapsed="0.000012"/>
</kw>
<kw name="Hide Keyboard" owner="AppiumLibrary">
<doc>Hides the software keyboard on the device. (optional) In iOS, use `key_name` to press
a particular key, ex. `Done`. In Android, no parameters are used.</doc>
<status status="NOT RUN" start="2026-05-21T09:34:33.361000" elapsed="0.000013"/>
</kw>
<kw name="Sleep" owner="BuiltIn">
<arg>5</arg>
<doc>Pauses the test executed for the given time.</doc>
<status status="NOT RUN" start="2026-05-21T09:34:33.361072" elapsed="0.000012"/>
</kw>
<kw name="Tap With Positions" owner="AppiumLibrary">
<arg>${TAP_DURATION}</arg>
<arg>${{ (${Add_Attachment_Button_X}, ${Add_Attachment_Button_Y}) }}</arg>
<doc>Taps on a particular place with up to five fingers, holding for a
certain time</doc>
<status status="NOT RUN" start="2026-05-21T09:34:33.361149" elapsed="0.000013"/>
</kw>
<kw name="Sleep" owner="BuiltIn">
<arg>5s</arg>
<doc>Pauses the test executed for the given time.</doc>
<status status="NOT RUN" start="2026-05-21T09:34:33.361225" elapsed="0.000012"/>
</kw>
<kw name="Wait Until Element Is Visible" owner="AppiumLibrary">
<arg>${uploadAttachment_list}</arg>
<arg>timeout=30s</arg>
<doc>Waits until element specified with `locator` is visible.</doc>
<status status="NOT RUN" start="2026-05-21T09:34:33.361305" elapsed="0.000012"/>
</kw>
<kw name="Click Element" owner="AppiumLibrary">
<arg>${camera_button}</arg>
<doc>Click element identified by `locator`.</doc>
<status status="NOT RUN" start="2026-05-21T09:34:33.361379" elapsed="0.000012"/>
</kw>
<kw name="Sleep" owner="BuiltIn">
<arg>5s</arg>
<doc>Pauses the test executed for the given time.</doc>
<status status="NOT RUN" start="2026-05-21T09:34:33.361450" elapsed="0.000011"/>
</kw>
<kw name="Wait Until Element Is Visible" owner="AppiumLibrary">
<arg>${cameraCapture_button}</arg>
<arg>timeout=30s</arg>
<doc>Waits until element specified with `locator` is visible.</doc>
<status status="NOT RUN" start="2026-05-21T09:34:33.361528" elapsed="0.000012"/>
</kw>
<kw name="Click Element" owner="AppiumLibrary">
<arg>${cameraCapture_button}</arg>
<doc>Click element identified by `locator`.</doc>
<status status="NOT RUN" start="2026-05-21T09:34:33.361600" elapsed="0.000012"/>
</kw>
<kw name="Sleep" owner="BuiltIn">
<arg>5s</arg>
<doc>Pauses the test executed for the given time.</doc>
<status status="NOT RUN" start="2026-05-21T09:34:33.361670" elapsed="0.000012"/>
</kw>
<kw name="Wait Until Element Is Visible" owner="AppiumLibrary">
<arg>${Yes_cameraCapture_button}</arg>
<arg>timeout=30s</arg>
<doc>Waits until element specified with `locator` is visible.</doc>
<status status="NOT RUN" start="2026-05-21T09:34:33.361773" elapsed="0.000012"/>
</kw>
<kw name="Click Element" owner="AppiumLibrary">
<arg>${Yes_cameraCapture_button}</arg>
<doc>Click element identified by `locator`.</doc>
<status status="NOT RUN" start="2026-05-21T09:34:33.361847" elapsed="0.000011"/>
</kw>
<kw name="Sleep" owner="BuiltIn">
<arg>10s</arg>
<doc>Pauses the test executed for the given time.</doc>
<status status="NOT RUN" start="2026-05-21T09:34:33.361916" elapsed="0.000012"/>
</kw>
<kw name="Scroll until Submit button" owner="CurrentTask">
<status status="NOT RUN" start="2026-05-21T09:34:33.362084" elapsed="0.000018"/>
</kw>
<kw name="Wait Until Element Is Visible" owner="AppiumLibrary">
<arg>${nameCaptured_input}</arg>
<arg>timeout=30s</arg>
<doc>Waits until element specified with `locator` is visible.</doc>
<status status="NOT RUN" start="2026-05-21T09:34:33.362168" elapsed="0.000012"/>
</kw>
<kw name="Click Element" owner="AppiumLibrary">
<arg>${nameCaptured_input}</arg>
<doc>Click element identified by `locator`.</doc>
<status status="NOT RUN" start="2026-05-21T09:34:33.362245" elapsed="0.000011"/>
</kw>
<kw name="Clear Text" owner="AppiumLibrary">
<arg>${nameCaptured_input}</arg>
<doc>Clears the text field identified by `locator`.</doc>
<status status="NOT RUN" start="2026-05-21T09:34:33.362319" elapsed="0.000013"/>
</kw>
<kw name="Input Text" owner="AppiumLibrary">
<arg>${nameCaptured_input}</arg>
<arg>testName</arg>
<doc>Types the given `text` into text field identified by `locator`.</doc>
<status status="NOT RUN" start="2026-05-21T09:34:33.362391" elapsed="0.000012"/>
</kw>
<kw name="Sleep" owner="BuiltIn">
<arg>1</arg>
<doc>Pauses the test executed for the given time.</doc>
<status status="NOT RUN" start="2026-05-21T09:34:33.362463" elapsed="0.000012"/>
</kw>
<kw name="Hide Keyboard" owner="AppiumLibrary">
<doc>Hides the software keyboard on the device. (optional) In iOS, use `key_name` to press
a particular key, ex. `Done`. In Android, no parameters are used.</doc>
<status status="NOT RUN" start="2026-05-21T09:34:33.362535" elapsed="0.000012"/>
</kw>
<kw name="Sleep" owner="BuiltIn">
<arg>1</arg>
<doc>Pauses the test executed for the given time.</doc>
<status status="NOT RUN" start="2026-05-21T09:34:33.362614" elapsed="0.000013"/>
</kw>
<kw name="Wait Until Element Is Visible" owner="AppiumLibrary">
<arg>${remarksCaptured_input}</arg>
<arg>timeout=30s</arg>
<doc>Waits until element specified with `locator` is visible.</doc>
<status status="NOT RUN" start="2026-05-21T09:34:33.362689" elapsed="0.000011"/>
</kw>
<kw name="Click Element" owner="AppiumLibrary">
<arg>${remarksCaptured_input}</arg>
<doc>Click element identified by `locator`.</doc>
<status status="NOT RUN" start="2026-05-21T09:34:33.362760" elapsed="0.000011"/>
</kw>
<kw name="Input Text" owner="AppiumLibrary">
<arg>${remarksCaptured_input}</arg>
<arg>Test Remarks</arg>
<doc>Types the given `text` into text field identified by `locator`.</doc>
<status status="NOT RUN" start="2026-05-21T09:34:33.362829" elapsed="0.000011"/>
</kw>
<kw name="Sleep" owner="BuiltIn">
<arg>1</arg>
<doc>Pauses the test executed for the given time.</doc>
<status status="NOT RUN" start="2026-05-21T09:34:33.362900" elapsed="0.000011"/>
</kw>
<kw name="Hide Keyboard" owner="AppiumLibrary">
<doc>Hides the software keyboard on the device. (optional) In iOS, use `key_name` to press
a particular key, ex. `Done`. In Android, no parameters are used.</doc>
<status status="NOT RUN" start="2026-05-21T09:34:33.362968" elapsed="0.000011"/>
</kw>
<kw name="Sleep" owner="BuiltIn">
<arg>1</arg>
<doc>Pauses the test executed for the given time.</doc>
<status status="NOT RUN" start="2026-05-21T09:34:33.363039" elapsed="0.000011"/>
</kw>
<kw name="Scroll until Submit button" owner="CurrentTask">
<status status="NOT RUN" start="2026-05-21T09:34:33.363183" elapsed="0.000017"/>
</kw>
<kw name="Click Element" owner="AppiumLibrary">
<arg>${Signature_Button}</arg>
<doc>Click element identified by `locator`.</doc>
<status status="NOT RUN" start="2026-05-21T09:34:33.363258" elapsed="0.000011"/>
</kw>
<kw name="Sleep" owner="BuiltIn">
<arg>2</arg>
<doc>Pauses the test executed for the given time.</doc>
<status status="NOT RUN" start="2026-05-21T09:34:33.363328" elapsed="0.000012"/>
</kw>
<kw name="Swipe" owner="AppiumLibrary">
<arg>540</arg>
<arg>1200</arg>
<arg>540</arg>
<arg>800</arg>
<arg>500</arg>
<doc>Swipe from one point to another point, for an optional duration.</doc>
<status status="NOT RUN" start="2026-05-21T09:34:33.363403" elapsed="0.000012"/>
</kw>
<kw name="Sleep" owner="BuiltIn">
<arg>1</arg>
<doc>Pauses the test executed for the given time.</doc>
<status status="NOT RUN" start="2026-05-21T09:34:33.363480" elapsed="0.000012"/>
</kw>
<kw name="Wait Until Element Is Visible" owner="AppiumLibrary">
<arg>${Submit_Button}</arg>
<arg>timeout=30s</arg>
<doc>Waits until element specified with `locator` is visible.</doc>
<status status="NOT RUN" start="2026-05-21T09:34:33.363553" elapsed="0.000012"/>
</kw>
<kw name="Click Element" owner="AppiumLibrary">
<arg>${Submit_Button}</arg>
<doc>Click element identified by `locator`.</doc>
<status status="NOT RUN" start="2026-05-21T09:34:33.363628" elapsed="0.000012"/>
</kw>
<kw name="Sleep" owner="BuiltIn">
<arg>5s</arg>
<doc>Pauses the test executed for the given time.</doc>
<status status="NOT RUN" start="2026-05-21T09:34:33.363699" elapsed="0.000012"/>
</kw>
<kw name="Scroll until Submit button" owner="CurrentTask">
<status status="NOT RUN" start="2026-05-21T09:34:33.363837" elapsed="0.000016"/>
</kw>
<kw name="RAF">
<status status="NOT RUN" start="2026-05-21T09:34:33.364042" elapsed="0.000019"/>
</kw>
<kw name="Wait Until Element Is Visible" owner="AppiumLibrary">
<arg>${Submit_Button}</arg>
<arg>timeout=30s</arg>
<doc>Waits until element specified with `locator` is visible.</doc>
<status status="NOT RUN" start="2026-05-21T09:34:33.364131" elapsed="0.000013"/>
</kw>
<kw name="Click Element" owner="AppiumLibrary">
<arg>${Submit_Button}</arg>
<doc>Click element identified by `locator`.</doc>
<status status="NOT RUN" start="2026-05-21T09:34:33.364208" elapsed="0.000012"/>
</kw>
<kw name="Sleep" owner="BuiltIn">
<arg>5s</arg>
<doc>Pauses the test executed for the given time.</doc>
<status status="NOT RUN" start="2026-05-21T09:34:33.364279" elapsed="0.000044"/>
</kw>
<kw name="Wait Until Element Is Visible" owner="AppiumLibrary">
<arg>${Yes_Button}</arg>
<arg>timeout=30s</arg>
<doc>Waits until element specified with `locator` is visible.</doc>
<status status="NOT RUN" start="2026-05-21T09:34:33.364391" elapsed="0.000013"/>
</kw>
<kw name="Click Element" owner="AppiumLibrary">
<arg>${Yes_Button}</arg>
<doc>Click element identified by `locator`.</doc>
<status status="NOT RUN" start="2026-05-21T09:34:33.364465" elapsed="0.000012"/>
</kw>
<kw name="Sleep" owner="BuiltIn">
<arg>60s</arg>
<doc>Pauses the test executed for the given time.</doc>
<status status="NOT RUN" start="2026-05-21T09:34:33.364536" elapsed="0.000012"/>
</kw>
<kw name="Press Keycode" owner="AppiumLibrary">
<arg>4</arg>
<doc>Sends a press of keycode to the device.</doc>
<status status="NOT RUN" start="2026-05-21T09:34:33.364619" elapsed="0.000012"/>
</kw>
<status status="FAIL" start="2026-05-21T09:33:06.678790" elapsed="86.685977">Execution terminated by signal</status>
</kw>
<doc>To Test UNIFI ELite</doc>
<tag>Regression Mobile App</tag>
<status status="FAIL" start="2026-05-21T09:32:05.532828" elapsed="147.832288">Execution terminated by signal</status>
</test>
<status status="FAIL" start="2026-05-21T09:32:05.219738" elapsed="148.146210"/>
</suite>
<statistics>
<total>
<stat pass="0" fail="1" skip="0">All Tests</stat>
</total>
<tag>
<stat pass="0" fail="1" skip="0">Regression Mobile App</stat>
</tag>
<suite>
<stat name="UNIFI-Elite" id="s1" pass="0" fail="1" skip="0">UNIFI-Elite</stat>
</suite>
</statistics>
<errors>
</errors>
</robot>
